
> pollytasks@0.1.0 dev
> next dev --turbopack -p 9002

   ▲ Next.js 15.5.9 (Turbopack)
   - Local:        http://localhost:9002
   - Network:      http://192.168.0.2:9002

 ✓ Starting...
 ○ Compiling middleware ...
 ✓ Compiled middleware in 957ms
 ✓ Ready in 2.7s
 ○ Compiling / ...
 ✓ Compiled / in 22.4s
VAPID keys not set. Push notifications will not work.
NEXT_PUBLIC_CONVEX_URL is not defined
 GET / 200 in 24747ms
 ○ Compiling /habits ...
 ✓ Compiled /habits in 3.6s
NEXT_PUBLIC_CONVEX_URL is not defined
 GET /habits 200 in 4243ms
 ○ Compiling /projects ...
 ✓ Compiled /projects in 2.6s
NEXT_PUBLIC_CONVEX_URL is not defined
 GET /projects 200 in 3056ms
