
> pollytasks@0.1.0 dev
> next dev --turbopack -p 9002

   ▲ Next.js 15.5.9 (Turbopack)
   - Local:        http://localhost:9002
   - Network:      http://192.168.0.2:9002

 ✓ Starting...
 ○ Compiling middleware ...
 ✓ Compiled middleware in 970ms
 ✓ Ready in 2.7s
 ○ Compiling / ...
 ✓ Compiled / in 18.7s
VAPID keys not set. Push notifications will not work.
 ⨯ [Error: @clerk/nextjs: The publishableKey passed to Clerk is invalid. You can get your Publishable key at https://dashboard.clerk.com/last-active?path=api-keys. (key=pk_test_dummy)] {
  digest: '1394091597'
}
 GET / 500 in 20484ms
 ○ Compiling /habits ...
 ✓ Compiled /habits in 3.8s
 ⨯ [Error: @clerk/nextjs: The publishableKey passed to Clerk is invalid. You can get your Publishable key at https://dashboard.clerk.com/last-active?path=api-keys. (key=pk_test_dummy)] {
  digest: '1394091597'
}
 GET /habits 500 in 4466ms
 ○ Compiling /projects ...
 ✓ Compiled /projects in 2.9s
 ⨯ [Error: @clerk/nextjs: The publishableKey passed to Clerk is invalid. You can get your Publishable key at https://dashboard.clerk.com/last-active?path=api-keys. (key=pk_test_dummy)] {
  digest: '1394091597'
}
 GET /projects 500 in 3459ms
